<?xml version="1.0" encoding="UTF-8"?>
<!-- Generated by org.testng.reporters.JUnitXMLReporter -->
<testsuite hostname="DESKTOP-DHUQFVO" ignored="0" name="Command line test" tests="35" failures="0" timestamp="18 Feb 2020 20:08:53 GMT" time="5.347" errors="0">
  <testcase name="@BeforeTest setup" time="0.0" classname="demo.TestNGMultiBrowserDemo">
    <failure type="org.testng.TestNGException" message="
Parameter &amp;apos;browserName&amp;apos; is required by BeforeTest on method setup but has not been marked @Optional or defined
">
      <![CDATA[org.testng.TestNGException: 
Parameter 'browserName' is required by BeforeTest on method setup but has not been marked @Optional or defined

... Removed 31 stack frames]]>
    </failure>
  </testcase> <!-- @BeforeTest setup -->
  <testcase name="@BeforeTest setUpTest" time="0.0" classname="test.TestNG_Demo">
    <skipped/>
  </testcase> <!-- @BeforeTest setUpTest -->
  <testcase name="@BeforeTest setUpTest" time="0.0" classname="test.TestNG_Demo2">
    <skipped/>
  </testcase> <!-- @BeforeTest setUpTest -->
  <testcase name="@AfterTest teardown" time="0.0" classname="demo.TestNGMultiBrowserDemo">
    <skipped/>
  </testcase> <!-- @AfterTest teardown -->
  <testcase name="@AfterTest tearDownTest" time="0.0" classname="test.TestNG_Demo">
    <skipped/>
  </testcase> <!-- @AfterTest tearDownTest -->
  <testcase name="@AfterTest tearDownTest" time="0.0" classname="test.TestNG_Demo2">
    <skipped/>
  </testcase> <!-- @AfterTest tearDownTest -->
  <testcase name="test2" time="0.0" classname="demo.TestNGDependencyDemo">
    <skipped/>
  </testcase> <!-- test2 -->
  <testcase name="test1" time="0.0" classname="demo.TestNGGroupsDemo">
    <skipped/>
  </testcase> <!-- test1 -->
  <testcase name="test2" time="0.0" classname="demo.TestNGGroupsDemo">
    <skipped/>
  </testcase> <!-- test2 -->
  <testcase name="test3" time="0.0" classname="demo.TestNGGroupsDemo">
    <skipped/>
  </testcase> <!-- test3 -->
  <testcase name="test4" time="0.0" classname="demo.TestNGGroupsDemo">
    <skipped/>
  </testcase> <!-- test4 -->
  <testcase name="test1" time="0.0" classname="demo.TestNGIgnoreDemo">
    <skipped/>
  </testcase> <!-- test1 -->
  <testcase name="test2" time="0.0" classname="demo.TestNGIgnoreDemo">
    <skipped/>
  </testcase> <!-- test2 -->
  <testcase name="test1" time="0.0" classname="listeners.TestNGListenerDemo">
    <skipped/>
  </testcase> <!-- test1 -->
  <testcase name="test2" time="0.0" classname="listeners.TestNGListenerDemo">
    <skipped/>
  </testcase> <!-- test2 -->
  <testcase name="test3" time="0.0" classname="listeners.TestNGListenerDemo">
    <skipped/>
  </testcase> <!-- test3 -->
  <testcase name="test4" time="0.0" classname="listeners.TestNGListenerDemo2">
    <skipped/>
  </testcase> <!-- test4 -->
  <testcase name="test5" time="0.0" classname="listeners.TestNGListenerDemo2">
    <skipped/>
  </testcase> <!-- test5 -->
  <testcase name="test6" time="0.0" classname="listeners.TestNGListenerDemo2">
    <skipped/>
  </testcase> <!-- test6 -->
  <testcase name="test1" time="0.0" classname="demo.TestNGMultiBrowserDemo">
    <skipped/>
  </testcase> <!-- test1 -->
  <testcase name="test1" time="0.0" classname="demo.TestNGParallelTestingDemo">
    <skipped/>
  </testcase> <!-- test1 -->
  <testcase name="test1" time="0.0" classname="demo.TestNGParallelTestingDemo">
    <skipped/>
  </testcase> <!-- test1 -->
  <testcase name="test1" time="0.0" classname="demo.TestNGParallelTestingDemo">
    <skipped/>
  </testcase> <!-- test1 -->
  <testcase name="test2" time="0.0" classname="demo.TestNGParallelTestingDemo">
    <skipped/>
  </testcase> <!-- test2 -->
  <testcase name="test3" time="0.0" classname="demo.TestNGParallelTestingDemo">
    <skipped/>
  </testcase> <!-- test3 -->
  <testcase name="test3" time="0.0" classname="demo.TestNGParametersDemo">
    <skipped/>
  </testcase> <!-- test3 -->
  <testcase name="test4" time="0.0" classname="demo.TestNGParametersDemo">
    <skipped/>
  </testcase> <!-- test4 -->
  <testcase name="one" time="0.0" classname="demo.TestNGPriorityDemo">
    <skipped/>
  </testcase> <!-- one -->
  <testcase name="test1" time="0.0" classname="demo.TestNGRetryFailedDemo">
    <skipped/>
  </testcase> <!-- test1 -->
  <testcase name="test2" time="0.0" classname="demo.TestNGRetryFailedDemo">
    <skipped/>
  </testcase> <!-- test2 -->
  <testcase name="test3" time="0.0" classname="demo.TestNGRetryFailedDemo">
    <skipped/>
  </testcase> <!-- test3 -->
  <testcase name="googleSearch" time="0.0" classname="test.TestNG_Demo">
    <skipped/>
  </testcase> <!-- googleSearch -->
  <testcase name="googleSearch2" time="0.0" classname="test.TestNG_Demo2">
    <skipped/>
  </testcase> <!-- googleSearch2 -->
  <testcase name="googleSearch3" time="0.0" classname="test.TestNG_Demo2">
    <skipped/>
  </testcase> <!-- googleSearch3 -->
  <testcase name="test1" time="0.0" classname="demo.Test1">
    <skipped/>
  </testcase> <!-- test1 -->
  <testcase name="test3" time="0.0" classname="demo.TestNGDependencyDemo">
    <skipped/>
  </testcase> <!-- test3 -->
  <testcase name="test1" time="0.0" classname="demo.TestNGDependencyDemo">
    <skipped/>
  </testcase> <!-- test1 -->
  <testcase name="test1" time="0.0" classname="demo.TestNGParametersDemo">
    <skipped/>
  </testcase> <!-- test1 -->
  <testcase name="three" time="0.0" classname="demo.TestNGPriorityDemo">
    <skipped/>
  </testcase> <!-- three -->
  <testcase name="two" time="0.0" classname="demo.TestNGPriorityDemo">
    <skipped/>
  </testcase> <!-- two -->
  <testcase name="test2" time="0.0" classname="demo.TestNGParametersDemo">
    <skipped/>
  </testcase> <!-- test2 -->
</testsuite> <!-- Command line test -->
