<?xml version="1.0" encoding="UTF-8" ?>
<testsuite tests="41" failures="1" name="TestSuite" time="107.391" errors="0" skipped="40">
  <properties>
[...]
</properties>
  <testcase classname="demo.TestNGMultiBrowserDemo" name="setup" time="1.312">
    <failure message="
Parameter &apos;browserName&apos; is required by BeforeTest on method setup but has not been marked @Optional or defined
" type="org.testng.TestNGException">org.testng.TestNGException: 
Parameter &apos;browserName&apos; is required by BeforeTest on method setup but has not been marked @Optional or defined

	at org.testng.internal.Parameters.createParams(Parameters.java:290)
	at org.testng.internal.Parameters.createParametersForMethod(Parameters.java:359)
	at org.testng.internal.Parameters.createParameters(Parameters.java:620)
	at org.testng.internal.Parameters.createConfigurationParameters(Parameters.java:190)
	at org.testng.internal.Invoker.invokeConfigurations(Invoker.java:209)
	at org.testng.internal.Invoker.invokeConfigurations(Invoker.java:142)
	at org.testng.TestRunner.beforeRun(TestRunner.java:529)
	at org.testng.TestRunner.run(TestRunner.java:497)
	at org.testng.SuiteRunner.runTest(SuiteRunner.java:455)
	at org.testng.SuiteRunner.runSequentially(SuiteRunner.java:450)
	at org.testng.SuiteRunner.privateRun(SuiteRunner.java:415)
	at org.testng.SuiteRunner.run(SuiteRunner.java:364)
	at org.testng.SuiteRunnerWorker.runSuite(SuiteRunnerWorker.java:52)
	at org.testng.SuiteRunnerWorker.run(SuiteRunnerWorker.java:84)
	at org.testng.TestNG.runSuitesSequentially(TestNG.java:1208)
	at org.testng.TestNG.runSuitesLocally(TestNG.java:1137)
	at org.testng.TestNG.runSuites(TestNG.java:1049)
	at org.testng.TestNG.run(TestNG.java:1017)
	at org.apache.maven.surefire.testng.TestNGExecutor.run(TestNGExecutor.java:77)
	at org.apache.maven.surefire.testng.TestNGDirectoryTestSuite.executeMulti(TestNGDirectoryTestSuite.java:159)
	at org.apache.maven.surefire.testng.TestNGDirectoryTestSuite.execute(TestNGDirectoryTestSuite.java:99)
	at org.apache.maven.surefire.testng.TestNGProvider.invoke(TestNGProvider.java:106)
	at sun.reflect.NativeMethodAccessorImpl.invoke0(Native Method)
	at sun.reflect.NativeMethodAccessorImpl.invoke(NativeMethodAccessorImpl.java:62)
	at sun.reflect.DelegatingMethodAccessorImpl.invoke(DelegatingMethodAccessorImpl.java:43)
	at java.lang.reflect.Method.invoke(Method.java:498)
	at org.apache.maven.surefire.util.ReflectionUtils.invokeMethodWithArray(ReflectionUtils.java:189)
	at org.apache.maven.surefire.booter.ProviderFactory$ProviderProxy.invoke(ProviderFactory.java:165)
	at org.apache.maven.surefire.booter.ProviderFactory.invokeProvider(ProviderFactory.java:85)
	at org.apache.maven.surefire.booter.ForkedBooter.runSuitesInProcess(ForkedBooter.java:115)
	at org.apache.maven.surefire.booter.ForkedBooter.main(ForkedBooter.java:75)
</failure>
    <system-out>Configuring TestNG with: org.apache.maven.surefire.testng.conf.TestNG652Configurator@3a4afd8d
</system-out>
  </testcase>
  <testcase classname="demo.TestNGMultiBrowserDemo" name="setUpTest" time="1.314">
    <skipped/>
  </testcase>
  <testcase classname="demo.TestNGMultiBrowserDemo" name="setUpTest" time="1.315">
    <skipped/>
  </testcase>
  <testcase classname="demo.TestNGDependencyDemo" name="test2" time="1.337">
    <skipped/>
  </testcase>
  <testcase classname="demo.TestNGGroupsDemo" name="test1" time="1.341">
    <skipped/>
  </testcase>
  <testcase classname="demo.TestNGGroupsDemo" name="test2" time="1.341">
    <skipped/>
  </testcase>
  <testcase classname="demo.TestNGGroupsDemo" name="test3" time="1.342">
    <skipped/>
  </testcase>
  <testcase classname="demo.TestNGGroupsDemo" name="test4" time="1.342">
    <skipped/>
  </testcase>
  <testcase classname="demo.TestNGIgnoreDemo" name="test1" time="1.342">
    <skipped/>
  </testcase>
  <testcase classname="demo.TestNGIgnoreDemo" name="test2" time="1.342">
    <skipped/>
  </testcase>
  <testcase classname="listeners.TestNGListenerDemo" name="test1" time="1.343">
    <skipped/>
  </testcase>
  <testcase classname="listeners.TestNGListenerDemo" name="test2" time="1.343">
    <skipped/>
  </testcase>
  <testcase classname="listeners.TestNGListenerDemo" name="test3" time="1.344">
    <skipped/>
  </testcase>
  <testcase classname="listeners.TestNGListenerDemo2" name="test4" time="1.344">
    <skipped/>
  </testcase>
  <testcase classname="listeners.TestNGListenerDemo2" name="test5" time="1.345">
    <skipped/>
  </testcase>
  <testcase classname="listeners.TestNGListenerDemo2" name="test6" time="1.345">
    <skipped/>
  </testcase>
  <testcase classname="demo.TestNGMultiBrowserDemo" name="test1" time="1.345">
    <skipped/>
  </testcase>
  <testcase classname="demo.TestNGParallelTestingDemo" name="test1" time="1.349">
    <skipped/>
  </testcase>
  <testcase classname="demo.TestNGParallelTestingDemo" name="test1" time="1.349">
    <skipped/>
  </testcase>
  <testcase classname="demo.TestNGParallelTestingDemo" name="test1" time="1.349">
    <skipped/>
  </testcase>
  <testcase classname="demo.TestNGParallelTestingDemo" name="test2" time="1.35">
    <skipped/>
  </testcase>
  <testcase classname="demo.TestNGParallelTestingDemo" name="test3" time="1.351">
    <skipped/>
  </testcase>
  <testcase classname="demo.TestNGParametersDemo" name="test3" time="1.351">
    <skipped/>
  </testcase>
  <testcase classname="demo.TestNGParametersDemo" name="test4" time="1.351">
    <skipped/>
  </testcase>
  <testcase classname="demo.TestNGPriorityDemo" name="one" time="1.351">
    <skipped/>
  </testcase>
  <testcase classname="demo.TestNGRetryFailedDemo" name="test1" time="1.352">
    <skipped/>
  </testcase>
  <testcase classname="demo.TestNGRetryFailedDemo" name="test2" time="1.352">
    <skipped/>
  </testcase>
  <testcase classname="demo.TestNGRetryFailedDemo" name="test3" time="1.352">
    <skipped/>
  </testcase>
  <testcase classname="test.TestNG_Demo" name="googleSearch" time="1.359">
    <skipped/>
  </testcase>
  <testcase classname="test.TestNG_Demo2" name="googleSearch2" time="1.36">
    <skipped/>
  </testcase>
  <testcase classname="test.TestNG_Demo2" name="googleSearch3" time="1.36">
    <skipped/>
  </testcase>
  <testcase classname="demo.Test1" name="test1" time="5.944">
    <skipped/>
    <system-err>Starting ChromeDriver 2.36.540470 (e522d04694c7ebea4ba8821272dbef4f9b818c91) on port 15476
Only local connections are allowed.
Feb 18, 2020 3:08:52 PM org.openqa.selenium.remote.ProtocolHandshake createSession
INFO: Detected dialect: OSS
</system-err>
  </testcase>
  <testcase classname="demo.TestNGDependencyDemo" name="test3" time="6.633">
    <skipped/>
  </testcase>
  <testcase classname="demo.TestNGDependencyDemo" name="test1" time="6.64">
    <skipped/>
  </testcase>
  <testcase classname="demo.TestNGParametersDemo" name="test1" time="6.64">
    <skipped/>
  </testcase>
  <testcase classname="demo.TestNGPriorityDemo" name="three" time="6.641">
    <skipped/>
  </testcase>
  <testcase classname="demo.TestNGPriorityDemo" name="two" time="6.641">
    <skipped/>
  </testcase>
  <testcase classname="demo.TestNGParametersDemo" name="test2" time="6.642">
    <skipped/>
  </testcase>
  <testcase classname="demo.TestNGMultiBrowserDemo" name="teardown" time="6.643">
    <skipped/>
  </testcase>
  <testcase classname="demo.TestNGMultiBrowserDemo" name="tearDownTest" time="6.647">
    <skipped/>
  </testcase>
  <testcase classname="demo.TestNGMultiBrowserDemo" name="tearDownTest" time="6.647">
    <skipped/>
  </testcase>
</testsuite>